#
# A fatal error has been detected by the Java Runtime Environment:
#
#  EXCEPTION_ACCESS_VIOLATION (0xc0000005) at pc=0x0000022657ae0fc2, pid=9356, tid=6476
#
# JRE version: Java(TM) SE Runtime Environment (21.0.9+7) (build 21.0.9+7-LTS-338)
# Java VM: Java HotSpot(TM) 64-Bit Server VM (21.0.9+7-LTS-338, mixed mode, emulated-client, sharing, tiered, compressed oops, compressed class ptrs, g1 gc, windows-amd64)
# Problematic frame:
# v  ~BufferBlob::MethodHandles adapters 0x0000022657ae0fc2
#
# No core dump will be written. Minidumps are not enabled by default on client versions of Windows
#
# If you would like to submit a bug report, please visit:
#   https://bugreport.java.com/bugreport/crash.jsp
#

---------------  S U M M A R Y ------------

Command Line: -agentlib:jdwp=transport=dt_socket,address=127.0.0.1:53323,suspend=y,server=n -javaagent:C:\Users\Admin\AppData\Local\JetBrains\IntelliJIdea2025.1\captureAgent\debugger-agent.jar=file:///C:/Users/Admin/AppData/Local/Temp/capture963163530907004374.props -agentpath:C:\Users\Admin\AppData\Local\Temp\idea_libasyncProfiler_dll_temp_folder\libasyncProfiler.dll=version,jfr,event=wall,interval=10ms,cstack=no,file=C:\Users\Admin\IdeaSnapshots\PatientServiceApplication_2025_11_14_234353.jfr,dbghelppath=C:\Users\Admin\AppData\Local\Temp\idea_dbghelp_dll_temp_folder\dbghelp.dll,log=C:\Users\Admin\AppData\Local\Temp\PatientServiceApplication_2025_11_14_234353.jfr.log.txt,logLevel=DEBUG -XX:TieredStopAtLevel=1 -Dspring.output.ansi.enabled=always -Dcom.sun.management.jmxremote -Dspring.jmx.enabled=true -Dspring.liveBeansView.mbeanDomain -Dspring.application.admin.enabled=true -Dmanagement.endpoints.jmx.exposure.include=* -Dkotlinx.coroutines.debug.enable.creation.stack.trace=false -Ddebugger.agent.enable.coroutines=true -Dkotlinx.coroutines.debug.enable.flows.stack.trace=true -Dkotlinx.coroutines.debug.enable.mutable.state.flows.stack.trace=true -Dfile.encoding=UTF-8 -Dsun.stdout.encoding=UTF-8 -Dsun.stderr.encoding=UTF-8 com.ps.patientservice.PatientServiceApplication

Host: Intel(R) Core(TM) i5-6200U CPU @ 2.30GHz, 4 cores, 15G,  Windows 11 , 64 bit Build 26100 (10.0.26100.5074)
Time: Fri Nov 14 23:46:06 2025 Pakistan Standard Time elapsed time: 133.037737 seconds (0d 0h 2m 13s)

---------------  T H R E A D  ---------------

Current thread (0x000002266baac350):  JavaThread "ForkJoinPool-1-worker-1" daemon [_thread_in_Java, id=6476, stack(0x000000630e000000,0x000000630e100000) (1024K)]

Stack: [0x000000630e000000,0x000000630e100000],  sp=0x000000630e0fcc88,  free space=1011k
Native frames: (J=compiled Java code, j=interpreted, Vv=VM code, C=native code)
C  0x0000022657ae0fc2

The last pc belongs to _linkToVirtual (printed below).

siginfo: EXCEPTION_ACCESS_VIOLATION (0xc0000005), reading address 0xffffffffffffffff


Registers:
RAX=0x0000022657ab958b, RBX=0xb8ec00000000004e, RCX=0x000000630e0fcc90, RDX=0x0000000000000002
RSP=0x000000630e0fcc88, RBP=0x000000630e0fccd8, RSI=0x00000226673ed5e8, RDI=0x000002266d6f00d0
R8 =0x0000000000000004, R9 =0x0000000000000004, R10=0x000002260072ba7a, R11=0x0000000000000009
R12=0x0000000000000000, R13=0x000000630e0fcc88, R14=0x000000630e0fccf8, R15=0x000002266baac350
RIP=0x0000022657ae0fc2, EFLAGS=0x0000000000010246


Register to memory mapping:

RAX=0x0000022657ab958b is at code_begin+4363 in an Interpreter codelet
return entry points  [0x0000022657ab8480, 0x0000022657aba298]  7704 bytes
RBX=0xb8ec00000000004e is an unknown value
RCX=0x000000630e0fcc90 is pointing into the stack for thread: 0x000002266baac350
RDX=0x0000000000000002 is an unknown value
RSP=0x000000630e0fcc88 is pointing into the stack for thread: 0x000002266baac350
RBP=0x000000630e0fccd8 is pointing into the stack for thread: 0x000002266baac350
RSI=0x00000226673ed5e8 points into unknown readable memory: 0x80003a4ce5127915 | 15 79 12 e5 4c 3a 00 80
RDI=0x000002266d6f00d0 points into unknown readable memory: 0x0000001800000060 | 60 00 00 00 18 00 00 00
R8 =0x0000000000000004 is an unknown value
R9 =0x0000000000000004 is an unknown value
R10=0x000002260072ba7a is pointing into metadata
R11=0x0000000000000009 is an unknown value
R12=0x0 is null
R13=0x000000630e0fcc88 is pointing into the stack for thread: 0x000002266baac350
R14=0x000000630e0fccf8 is pointing into the stack for thread: 0x000002266baac350
R15=0x000002266baac350 is a thread

Top of Stack: (sp=0x000000630e0fcc88)
0x000000630e0fcc88:   0000022657ab958b 000000630e0fcc90
0x000000630e0fcc98:   000002260072ba7a 0000000000000004
0x000000630e0fcca8:   00000226000b1380 000000630e0fb929
0x000000630e0fccb8:   000000070246ad68 00000226000b3ed0
0x000000630e0fccc8:   000000630e0fcc88 000000630e0fcd00
0x000000630e0fccd8:   000000630e0fcfd8 0000022658226c30
0x000000630e0fcce8:   000000070586ead0 0000000704335ec0
0x000000630e0fccf8:   000000070586ec38 00000007026aba30
0x000000630e0fcd08:   0000022657c69f1e 00000007026aba30
0x000000630e0fcd18:   000000070586ee08 0000000704335ec0
0x000000630e0fcd28:   000000070586edb8 000000070586ec38
0x000000630e0fcd38:   0000000704335ec0 0000022658226b6c
0x000000630e0fcd48:   00007ffb0178c16f 000000630e0fcfd8
0x000000630e0fcd58:   000002265848c884 000002266baac350
0x000000630e0fcd68:   0000000000000000 000000630e0fcfd8
0x000000630e0fcd78:   0000022657e9e04c 000000630e0fbb90
0x000000630e0fcd88:   00007ffb014b7ff8 000000630e0fb9b0
0x000000630e0fcd98:   0000000000000c00 0000000000000000
0x000000630e0fcda8:   0000000000000000 0000000000000000
0x000000630e0fcdb8:   0000000000000000 0000000000000000
0x000000630e0fcdc8:   0000000000000000 0000000000000000
0x000000630e0fcdd8:   0000000000000000 0000000000000000
0x000000630e0fcde8:   0000000000000000 000002266baac350
0x000000630e0fcdf8:   00000007038143b8 000000070471f158
0x000000630e0fce08:   000000070586ee30 000000070f3fa608
0x000000630e0fce18:   0000000704335ec0 000000070586e9f8
0x000000630e0fce28:   000000070586e9f8 000000630e0fd100
0x000000630e0fce38:   0000000000000000 000000630e0fcfd8
0x000000630e0fce48:   000000070586ee08 0000000000000000
0x000000630e0fce58:   0000022657c70fa9 0000000000000000
0x000000630e0fce68:   0000022600043a70 000000630e0fcec0
0x000000630e0fce78:   0000000000000000 000000070471f158 

Instructions: (pc=0x0000022657ae0fc2)
0x0000022657ae0ec2:   ae 57 26 02 00 00 00 00 00 00 00 00 00 00 10 81
0x0000022657ae0ed2:   cc 01 fb 7f 00 00 f0 10 00 00 60 00 00 00 ff ff
0x0000022657ae0ee2:   ff ff f0 10 00 00 00 00 00 00 00 00 00 00 00 00
0x0000022657ae0ef2:   00 00 00 00 00 00 00 00 00 00 00 00 00 00 f4 66
0x0000022657ae0f02:   66 66 0f 1f 84 00 00 00 00 00 66 66 66 90 66 66
0x0000022657ae0f12:   66 0f 1f 84 00 00 00 00 00 66 66 66 90 90 48 8b
0x0000022657ae0f22:   53 08 0f b7 52 2e 48 8b 0c d4 8b 59 14 48 c1 e3
0x0000022657ae0f32:   03 8b 5b 28 48 c1 e3 03 8b 5b 24 48 c1 e3 03 48
0x0000022657ae0f42:   8b 5b 10 48 85 db 0f 84 10 00 00 00 41 80 bf e0
0x0000022657ae0f52:   05 00 00 00 74 03 ff 63 38 ff 63 50 e9 9d 16 00
0x0000022657ae0f62:   00 66 66 66 0f 1f 84 00 00 00 00 00 66 66 66 90
0x0000022657ae0f72:   66 66 0f 1f 84 00 00 00 00 00 66 66 66 90 48 8b
0x0000022657ae0f82:   53 08 0f b7 52 2e 48 8b 0c d4 58 5b 50 44 8b 51
0x0000022657ae0f92:   08 49 bb 00 00 00 00 26 02 00 00 4d 03 d3 4c 8b
0x0000022657ae0fa2:   5b 10 4b 8b 9c da c0 01 00 00 48 85 db 0f 84 10
0x0000022657ae0fb2:   00 00 00 41 80 bf e0 05 00 00 00 74 03 ff 63 38
0x0000022657ae0fc2:   ff 63 50 e9 36 16 00 00 66 66 66 0f 1f 84 00 00
0x0000022657ae0fd2:   00 00 00 66 66 66 90 0f 1f 80 00 00 00 00 58 5b
0x0000022657ae0fe2:   50 8b 5b 24 48 c1 e3 03 48 8b 5b 10 48 85 db 0f
0x0000022657ae0ff2:   84 10 00 00 00 41 80 bf e0 05 00 00 00 74 03 ff
0x0000022657ae1002:   63 38 ff 63 50 e9 f4 15 00 00 66 66 66 0f 1f 84
0x0000022657ae1012:   00 00 00 00 00 66 66 66 90 0f 1f 44 00 00 48 8b
0x0000022657ae1022:   53 08 0f b7 52 2e 48 8b 0c d4 58 5b 50 48 3b 01
0x0000022657ae1032:   8b 5b 24 48 c1 e3 03 48 8b 5b 10 48 85 db 0f 84
0x0000022657ae1042:   10 00 00 00 41 80 bf e0 05 00 00 00 74 03 ff 63
0x0000022657ae1052:   38 ff 63 50 e9 a5 15 00 00 0f 1f 44 00 00 48 8b
0x0000022657ae1062:   53 08 0f b7 52 2e 48 8b 0c d4 58 5b 50 44 8b 51
0x0000022657ae1072:   08 49 bb 00 00 00 00 26 02 00 00 4d 03 d3 8b 43
0x0000022657ae1082:   18 48 c1 e0 03 48 8b 40 10 48 8b 5b 10 45 8b 9a
0x0000022657ae1092:   a0 00 00 00 4f 8d 9c da c0 01 00 00 4d 8d 14 da
0x0000022657ae10a2:   49 8b 1b 48 3b c3 74 15 48 85 db 0f 84 32 00 00
0x0000022657ae10b2:   00 49 83 c3 10 49 8b 1b 48 3b c3 75 eb 45 8b 5b 


Stack slot to memory mapping:

stack at sp + 0 slots: 0x0000022657ab958b is at code_begin+4363 in an Interpreter codelet
return entry points  [0x0000022657ab8480, 0x0000022657aba298]  7704 bytes
stack at sp + 1 slots: 0x000000630e0fcc90 is pointing into the stack for thread: 0x000002266baac350
stack at sp + 2 slots: 0x000002260072ba7a is pointing into metadata
stack at sp + 3 slots: 0x0000000000000004 is an unknown value
stack at sp + 4 slots: 0x00000226000b1380 is pointing into metadata
stack at sp + 5 slots: 0x000000630e0fb929 is pointing into the stack for thread: 0x000002266baac350
stack at sp + 6 slots: 0x000000070246ad68 is an oop: java.lang.Class 
{0x000000070246ad68} - klass: 'java/lang/Class'
 - ---- fields (total size 14 words):
 - private volatile transient 'classRedefinedCount' 'I' @12  0 (0x00000000)
 - injected 'klass' 'J' @16  2362232737624 (0x00000226000b0f58)
 - injected 'array_klass' 'J' @24  0 (0x0000000000000000)
 - injected 'oop_size' 'I' @32  14 (0x0000000e)
 - injected 'static_oop_field_count' 'I' @36  0 (0x00000000)
 - private volatile transient 'cachedConstructor' 'Ljava/lang/reflect/Constructor;' @40  null (0x00000000)
 - private transient 'name' 'Ljava/lang/String;' @44  "java.lang.invoke.DirectMethodHandle$Holder"{0x000000070246add8} (0xe048d5bb)
 - private transient 'module' 'Ljava/lang/Module;' @48  a 'java/lang/Module'{0x0000000702473800} (0xe048e700)
 - private final 'classLoader' 'Ljava/lang/ClassLoader;' @52  null (0x00000000)
 - private transient 'classData' 'Ljava/lang/Object;' @56  null (0x00000000)
 - private transient 'packageName' 'Ljava/lang/String;' @60  null (0x00000000)
 - private final 'componentType' 'Ljava/lang/Class;' @64  null (0x00000000)
 - private volatile transient 'reflectionData' 'Ljava/lang/ref/SoftReference;' @68  null (0x00000000)
 - private volatile transient 'genericInfo' 'Lsun/reflect/generics/repository/ClassRepository;' @72  null (0x00000000)
 - private volatile transient 'enumConstants' '[Ljava/lang/Object;' @76  null (0x00000000)
 - private volatile transient 'enumConstantDirectory' 'Ljava/util/Map;' @80  null (0x00000000)
 - private volatile transient 'annotationData' 'Ljava/lang/Class$AnnotationData;' @84  null (0x00000000)
 - private volatile transient 'annotationType' 'Lsun/reflect/annotation/AnnotationType;' @88  null (0x00000000)
 - transient 'classValueMap' 'Ljava/lang/ClassValue$ClassValueMap;' @92  null (0x00000000)
 - injected 'protection_domain' 'Ljava/lang/Object;' @96  null (0x00000000)
 - injected 'signers_name' 'Ljava/lang/Object;' @100  null (0x00000000)
 - injected 'source_file' 'Ljava/lang/Object;' @104  null (0x00000000)
 - injected '<init_lock>' 'Ljava/lang/Object;' @108  null (0x00000000)
 - signature: Ljava/lang/invoke/DirectMethodHandle$Holder;
 - ---- static fields (0):
stack at sp + 7 slots: {method} {0x00000226000b3ed8} 'invokeVirtual' '(Ljava/lang/Object;Ljava/lang/Object;)Ljava/lang/Object;' in 'java/lang/invoke/DirectMethodHandle$Holder'

MethodHandle::interpreter_entry::_linkToVirtual [0x0000022657ae0f63, 0x0000022657ae0fca] (103 bytes)
[MachCode]
  0x0000022657ae0f63: 6666 660f | 1f84 0000 | 0000 0066 | 6666 9066 | 660f 1f84 | 0000 0000 | 0066 6666 | 9048 8b53 
  0x0000022657ae0f83: 080f b752 | 2e48 8b0c | d458 5b50 | 448b 5108 | 49bb 0000 | 0000 2602 | 0000 4d03 | d34c 8b5b 
  0x0000022657ae0fa3: 104b 8b9c | dac0 0100 | 0048 85db | 0f84 1000 | 0000 4180 | bfe0 0500 | 0000 7403 | ff63 38ff 
  0x0000022657ae0fc3: 6350 e936 | 
[/MachCode]

---------------  P R O C E S S  ---------------

Threads class SMR info:
_java_thread_list=0x000002266d969dd0, length=29, elements={
0x0000022657a9fc30, 0x0000022657aa17d0, 0x0000022657aa8190, 0x0000022657aa8bf0,
0x0000022657aa9650, 0x0000022657aaa0b0, 0x0000022657aaab10, 0x000002266250c970,
0x000002266252bde0, 0x0000022662535d00, 0x0000022662551540, 0x000002266258ff10,
0x00000226626908b0, 0x00000226676f41c0, 0x000002266749eca0, 0x000002266749d260,
0x00000226674a34d0, 0x000002266aff8490, 0x000002266c798ae0, 0x000002266c799170,
0x000002266c7970a0, 0x000002266baa6770, 0x000002266baad070, 0x000002266baac350,
0x0000022667763db0, 0x0000022667764440, 0x000002266aff6a50, 0x0000022667c18730,
0x0000022667c19450
}

Java Threads: ( => current thread )
  0x0000022657a9fc30 JavaThread "Reference Handler"          daemon [_thread_blocked, id=11688, stack(0x000000630cd00000,0x000000630ce00000) (1024K)]
  0x0000022657aa17d0 JavaThread "Finalizer"                  daemon [_thread_blocked, id=2604, stack(0x000000630ce00000,0x000000630cf00000) (1024K)]
  0x0000022657aa8190 JavaThread "Signal Dispatcher"          daemon [_thread_blocked, id=4556, stack(0x000000630cf00000,0x000000630d000000) (1024K)]
  0x0000022657aa8bf0 JavaThread "Attach Listener"            daemon [_thread_blocked, id=1480, stack(0x000000630d000000,0x000000630d100000) (1024K)]
  0x0000022657aa9650 JavaThread "Service Thread"             daemon [_thread_blocked, id=10716, stack(0x000000630d100000,0x000000630d200000) (1024K)]
  0x0000022657aaa0b0 JavaThread "Monitor Deflation Thread"   daemon [_thread_blocked, id=6716, stack(0x000000630d200000,0x000000630d300000) (1024K)]
  0x0000022657aaab10 JavaThread "C1 CompilerThread0"         daemon [_thread_blocked, id=7132, stack(0x000000630d300000,0x000000630d400000) (1024K)]
  0x000002266250c970 JavaThread "JDWP Transport Listener: dt_socket" daemon [_thread_blocked, id=12072, stack(0x000000630d400000,0x000000630d500000) (1024K)]
  0x000002266252bde0 JavaThread "JDWP Event Helper Thread"   daemon [_thread_blocked, id=3316, stack(0x000000630d500000,0x000000630d600000) (1024K)]
  0x0000022662535d00 JavaThread "JDWP Command Reader"        daemon [_thread_in_native, id=10128, stack(0x000000630d600000,0x000000630d700000) (1024K)]
  0x0000022662551540 JavaThread "Common-Cleaner"             daemon [_thread_blocked, id=12188, stack(0x000000630d700000,0x000000630d800000) (1024K)]
  0x000002266258ff10 JavaThread "IntelliJ Suspend Helper"    daemon [_thread_blocked, id=7252, stack(0x000000630d800000,0x000000630d900000) (1024K)]
  0x00000226626908b0 JavaThread "Notification Thread"        daemon [_thread_blocked, id=10660, stack(0x000000630d900000,0x000000630da00000) (1024K)]
  0x00000226676f41c0 JavaThread "RMI TCP Accept-0"           daemon [_thread_in_native, id=8676, stack(0x000000630df00000,0x000000630e000000) (1024K)]
  0x000002266749eca0 JavaThread "Catalina-utility-1"                [_thread_blocked, id=11304, stack(0x000000630e200000,0x000000630e300000) (1024K)]
  0x000002266749d260 JavaThread "Catalina-utility-2"                [_thread_blocked, id=6068, stack(0x000000630e300000,0x000000630e400000) (1024K)]
  0x00000226674a34d0 JavaThread "container-0"                       [_thread_blocked, id=10864, stack(0x000000630e400000,0x000000630e500000) (1024K)]
  0x000002266aff8490 JavaThread "HikariPool-1:housekeeper"   daemon [_thread_blocked, id=10976, stack(0x000000630e500000,0x000000630e600000) (1024K)]
  0x000002266c798ae0 JavaThread "File Watcher"               daemon [_thread_blocked, id=11068, stack(0x000000630e700000,0x000000630e800000) (1024K)]
  0x000002266c799170 JavaThread "Live Reload Server"         daemon [_thread_in_native, id=11440, stack(0x000000630e900000,0x000000630ea00000) (1024K)]
  0x000002266c7970a0 JavaThread "http-nio-8000-Poller"       daemon [_thread_in_native, id=12244, stack(0x000000630e800000,0x000000630e900000) (1024K)]
  0x000002266baa6770 JavaThread "http-nio-8000-Acceptor"     daemon [_thread_in_native, id=9396, stack(0x000000630ea00000,0x000000630eb00000) (1024K)]
  0x000002266baad070 JavaThread "DestroyJavaVM"                     [_thread_blocked, id=4216, stack(0x000000630c400000,0x000000630c500000) (1024K)]
=>0x000002266baac350 JavaThread "ForkJoinPool-1-worker-1"    daemon [_thread_in_Java, id=6476, stack(0x000000630e000000,0x000000630e100000) (1024K)]
  0x0000022667763db0 JavaThread "ForkJoinPool-1-worker-2"    daemon [_thread_blocked, id=3332, stack(0x000000630e100000,0x000000630e200000) (1024K)]
  0x0000022667764440 JavaThread "ForkJoinPool-1-worker-3"    daemon [_thread_blocked, id=6592, stack(0x000000630e600000,0x000000630e700000) (1024K)]
  0x000002266aff6a50 JavaThread "ForkJoinPool-1-worker-4"    daemon [_thread_blocked, id=8196, stack(0x000000630eb00000,0x000000630ec00000) (1024K)]
  0x0000022667c18730 JavaThread "ForkJoinPool-1-worker-5"    daemon [_thread_blocked, id=9960, stack(0x000000630ec00000,0x000000630ed00000) (1024K)]
  0x0000022667c19450 JavaThread "ForkJoinPool.commonPool-worker-2" daemon [_thread_blocked, id=1320, stack(0x000000630f000000,0x000000630f100000) (1024K)]
Total: 29

Other Threads:
  0x0000022657a7d8f0 VMThread "VM Thread"                           [id=2444, stack(0x000000630cc00000,0x000000630cd00000) (1024K)]
  0x0000022657a6dc10 WatcherThread "VM Periodic Task Thread"        [id=10408, stack(0x000000630cb00000,0x000000630cc00000) (1024K)]
  0x0000022657978590 WorkerThread "GC Thread#0"                     [id=11772, stack(0x000000630c600000,0x000000630c700000) (1024K)]
  0x0000022662bda360 WorkerThread "GC Thread#1"                     [id=11036, stack(0x000000630da00000,0x000000630db00000) (1024K)]
  0x0000022662bfd9f0 WorkerThread "GC Thread#2"                     [id=7536, stack(0x000000630dd00000,0x000000630de00000) (1024K)]
  0x0000022662bfdda0 WorkerThread "GC Thread#3"                     [id=1504, stack(0x000000630de00000,0x000000630df00000) (1024K)]
  0x000002265798a3d0 ConcurrentGCThread "G1 Main Marker"            [id=7108, stack(0x000000630c700000,0x000000630c800000) (1024K)]
  0x000002265798ce00 WorkerThread "G1 Conc#0"                       [id=9972, stack(0x000000630c800000,0x000000630c900000) (1024K)]
  0x0000022657a191e0 ConcurrentGCThread "G1 Refine#0"               [id=1532, stack(0x000000630c900000,0x000000630ca00000) (1024K)]
  0x0000022657a1ab20 ConcurrentGCThread "G1 Service"                [id=6968, stack(0x000000630ca00000,0x000000630cb00000) (1024K)]
Total: 10

Threads with active compile tasks:
Total: 0

VM state: not at safepoint (normal execution)

VM Mutex/Monitor currently owned by a thread: None

Heap address: 0x0000000702000000, size: 4064 MB, Compressed Oops mode: Zero based, Oop shift amount: 3

CDS archive(s) mapped at: [0x0000022600000000-0x0000022600c90000-0x0000022600c90000), size 13172736, SharedBaseAddress: 0x0000022600000000, ArchiveRelocationMode: 1.
Compressed class space mapped at: 0x0000022601000000-0x0000022641000000, reserved size: 1073741824
Narrow klass base: 0x0000022600000000, Narrow klass shift: 0, Narrow klass range: 0x100000000

GC Precious Log:
 CardTable entry size: 512
 Card Set container configuration: InlinePtr #cards 4 size 8 Array Of Cards #cards 16 size 48 Howl #buckets 8 coarsen threshold 3686 Howl Bitmap #cards 512 size 80 coarsen threshold 460 Card regions per heap region 1 cards per card region 4096
 CPUs: 4 total, 4 available
 Memory: 16253M
 Large Page Support: Disabled
 NUMA Support: Disabled
 Compressed Oops: Enabled (Zero based)
 Heap Region Size: 2M
 Heap Min Capacity: 8M
 Heap Initial Capacity: 254M
 Heap Max Capacity: 4064M
 Pre-touch: Disabled
 Parallel Workers: 4
 Concurrent Workers: 1
 Concurrent Refinement Workers: 4
 Periodic GC: Disabled

Heap:
 garbage-first heap   total 81920K, used 66714K [0x0000000702000000, 0x0000000800000000)
  region size 2048K, 21 young (43008K), 2 survivors (4096K)
 Metaspace       used 79887K, committed 80704K, reserved 1179648K
  class space    used 10880K, committed 11264K, reserved 1048576K

Heap Regions: E=young(eden), S=young(survivor), O=old, HS=humongous(starts), HC=humongous(continues), CS=collection set, F=free, TAMS=top-at-mark-start, PB=parsable bottom
|   0|0x0000000702000000, 0x0000000702200000, 0x0000000702200000|100%| O|  |TAMS 0x0000000702000000| PB 0x0000000702000000| Untracked 
|   1|0x0000000702200000, 0x0000000702400000, 0x0000000702400000|100%| O|  |TAMS 0x0000000702200000| PB 0x0000000702200000| Untracked 
|   2|0x0000000702400000, 0x0000000702600000, 0x0000000702600000|100%| O|  |TAMS 0x0000000702400000| PB 0x0000000702400000| Untracked 
|   3|0x0000000702600000, 0x0000000702800000, 0x0000000702800000|100%| O|  |TAMS 0x0000000702600000| PB 0x0000000702600000| Untracked 
|   4|0x0000000702800000, 0x0000000702a00000, 0x0000000702a00000|100%| O|  |TAMS 0x0000000702800000| PB 0x0000000702800000| Untracked 
|   5|0x0000000702a00000, 0x0000000702c00000, 0x0000000702c00000|100%| O|  |TAMS 0x0000000702a00000| PB 0x0000000702a00000| Untracked 
|   6|0x0000000702c00000, 0x0000000702e00000, 0x0000000702e00000|100%| O|  |TAMS 0x0000000702c00000| PB 0x0000000702c00000| Untracked 
|   7|0x0000000702e00000, 0x0000000702e00000, 0x0000000703000000|  0%| F|  |TAMS 0x0000000702e00000| PB 0x0000000702e00000| Untracked 
|   8|0x0000000703000000, 0x0000000703200000, 0x0000000703200000|100%| O|  |TAMS 0x0000000703000000| PB 0x0000000703000000| Untracked 
|   9|0x0000000703200000, 0x0000000703400000, 0x0000000703400000|100%| O|  |TAMS 0x0000000703200000| PB 0x0000000703200000| Untracked 
|  10|0x0000000703400000, 0x0000000703600000, 0x0000000703600000|100%| O|  |TAMS 0x0000000703400000| PB 0x0000000703400000| Untracked 
|  11|0x0000000703600000, 0x0000000703800000, 0x0000000703800000|100%| O|  |TAMS 0x0000000703600000| PB 0x0000000703600000| Untracked 
|  12|0x0000000703800000, 0x0000000703a00000, 0x0000000703a00000|100%| O|  |TAMS 0x0000000703800000| PB 0x0000000703800000| Untracked 
|  13|0x0000000703a00000, 0x0000000703a00000, 0x0000000703c00000|  0%| F|  |TAMS 0x0000000703a00000| PB 0x0000000703a00000| Untracked 
|  14|0x0000000703c00000, 0x0000000703c00000, 0x0000000703e00000|  0%| F|  |TAMS 0x0000000703c00000| PB 0x0000000703c00000| Untracked 
|  15|0x0000000703e00000, 0x0000000703e00000, 0x0000000704000000|  0%| F|  |TAMS 0x0000000703e00000| PB 0x0000000703e00000| Untracked 
|  16|0x0000000704000000, 0x0000000704200000, 0x0000000704200000|100%| O|  |TAMS 0x0000000704000000| PB 0x0000000704000000| Untracked 
|  17|0x0000000704200000, 0x000000070437f2a0, 0x0000000704400000| 74%| O|  |TAMS 0x0000000704200000| PB 0x0000000704200000| Untracked 
|  18|0x0000000704400000, 0x00000007045a7598, 0x0000000704600000| 82%| S|CS|TAMS 0x0000000704400000| PB 0x0000000704400000| Complete 
|  19|0x0000000704600000, 0x0000000704800000, 0x0000000704800000|100%| S|CS|TAMS 0x0000000704600000| PB 0x0000000704600000| Complete 
|  20|0x0000000704800000, 0x0000000704800000, 0x0000000704a00000|  0%| F|  |TAMS 0x0000000704800000| PB 0x0000000704800000| Untracked 
|  21|0x0000000704a00000, 0x0000000704b07e78, 0x0000000704c00000| 51%| E|  |TAMS 0x0000000704a00000| PB 0x0000000704a00000| Complete 
|  22|0x0000000704c00000, 0x0000000704e00000, 0x0000000704e00000|100%| E|CS|TAMS 0x0000000704c00000| PB 0x0000000704c00000| Complete 
|  23|0x0000000704e00000, 0x0000000705000000, 0x0000000705000000|100%| E|CS|TAMS 0x0000000704e00000| PB 0x0000000704e00000| Complete 
|  24|0x0000000705000000, 0x0000000705200000, 0x0000000705200000|100%| E|  |TAMS 0x0000000705000000| PB 0x0000000705000000| Complete 
|  25|0x0000000705200000, 0x0000000705400000, 0x0000000705400000|100%| E|CS|TAMS 0x0000000705200000| PB 0x0000000705200000| Complete 
|  26|0x0000000705400000, 0x0000000705600000, 0x0000000705600000|100%| E|CS|TAMS 0x0000000705400000| PB 0x0000000705400000| Complete 
|  27|0x0000000705600000, 0x0000000705800000, 0x0000000705800000|100%| E|CS|TAMS 0x0000000705600000| PB 0x0000000705600000| Complete 
|  28|0x0000000705800000, 0x0000000705a00000, 0x0000000705a00000|100%| E|CS|TAMS 0x0000000705800000| PB 0x0000000705800000| Complete 
|  29|0x0000000705a00000, 0x0000000705c00000, 0x0000000705c00000|100%| E|CS|TAMS 0x0000000705a00000| PB 0x0000000705a00000| Complete 
|  30|0x0000000705c00000, 0x0000000705e00000, 0x0000000705e00000|100%| E|CS|TAMS 0x0000000705c00000| PB 0x0000000705c00000| Complete 
|  31|0x0000000705e00000, 0x0000000706000000, 0x0000000706000000|100%| E|CS|TAMS 0x0000000705e00000| PB 0x0000000705e00000| Complete 
|  32|0x0000000706000000, 0x0000000706200000, 0x0000000706200000|100%| E|CS|TAMS 0x0000000706000000| PB 0x0000000706000000| Complete 
|  33|0x0000000706200000, 0x0000000706400000, 0x0000000706400000|100%| E|CS|TAMS 0x0000000706200000| PB 0x0000000706200000| Complete 
|  34|0x0000000706400000, 0x0000000706600000, 0x0000000706600000|100%| E|CS|TAMS 0x0000000706400000| PB 0x0000000706400000| Complete 
|  35|0x0000000706600000, 0x0000000706800000, 0x0000000706800000|100%| E|CS|TAMS 0x0000000706600000| PB 0x0000000706600000| Complete 
|  36|0x0000000706800000, 0x0000000706a00000, 0x0000000706a00000|100%| E|CS|TAMS 0x0000000706800000| PB 0x0000000706800000| Complete 
|  37|0x0000000706a00000, 0x0000000706c00000, 0x0000000706c00000|100%| E|CS|TAMS 0x0000000706a00000| PB 0x0000000706a00000| Complete 
| 104|0x000000070f000000, 0x000000070f200000, 0x000000070f200000|100%| E|CS|TAMS 0x000000070f000000| PB 0x000000070f000000| Complete 
| 105|0x000000070f200000, 0x000000070f400000, 0x000000070f400000|100%| E|CS|TAMS 0x000000070f200000| PB 0x000000070f200000| Complete 

Card table byte_map: [0x000002265b6e0000,0x000002265bed0000] _byte_map_base: 0x0000022657ed0000

Marking Bits: (CMBitMap*) 0x0000022657978bb0
 Bits: [0x000002265bed0000, 0x000002265fe50000)

Polling page: 0x000002264d0e0000

Metaspace:

Usage:
  Non-class:     67.39 MB used.
      Class:     10.63 MB used.
       Both:     78.01 MB used.

Virtual space:
  Non-class space:      128.00 MB reserved,      67.81 MB ( 53%) committed,  2 nodes.
      Class space:        1.00 GB reserved,      11.00 MB (  1%) committed,  1 nodes.
             Both:        1.12 GB reserved,      78.81 MB (  7%) committed. 

Chunk freelists:
   Non-Class:  12.16 MB
       Class:  5.02 MB
        Both:  17.17 MB

MaxMetaspaceSize: unlimited
CompressedClassSpaceSize: 1.00 GB
Initial GC threshold: 21.00 MB
Current GC threshold: 98.88 MB
CDS: on
 - commit_granule_bytes: 65536.
 - commit_granule_words: 8192.
 - virtual_space_node_default_size: 8388608.
 - enlarge_chunks_in_place: 1.
 - use_allocation_guard: 0.


Internal statistics:

num_allocs_failed_limit: 11.
num_arena_births: 1138.
num_arena_deaths: 0.
num_vsnodes_births: 3.
num_vsnodes_deaths: 0.
num_space_committed: 1261.
num_space_uncommitted: 0.
num_chunks_returned_to_freelist: 11.
num_chunks_taken_from_freelist: 3834.
num_chunk_merges: 11.
num_chunk_splits: 2823.
num_chunks_enlarged: 2252.
num_inconsistent_stats: 0.

CodeCache: size=49152Kb used=13905Kb max_used=14313Kb free=35246Kb
 bounds [0x0000022657ab0000, 0x00000226588b0000, 0x000002265aab0000]
 total_blobs=6892 nmethods=6182 adapters=633
 compilation: enabled
              stopped_count=0, restarted_count=0
 full_count=0

Compilation events (20 events):
Event: 96.070 Thread 0x0000022657aaab10 6258       1       java.util.concurrent.locks.AbstractQueuedSynchronizer$ConditionNode::<init> (5 bytes)
Event: 96.070 Thread 0x0000022657aaab10 nmethod 6258 0x0000022657cecb90 code [0x0000022657cecd20, 0x0000022657cecde8]
Event: 96.070 Thread 0x0000022657aaab10 6259       1       java.util.concurrent.locks.AbstractQueuedSynchronizer$ConditionObject::enableWait (84 bytes)
Event: 96.070 Thread 0x0000022657aaab10 nmethod 6259 0x0000022657cec090 code [0x0000022657cec280, 0x0000022657cec6e0]
Event: 96.071 Thread 0x0000022657aaab10 6260       1       java.util.concurrent.locks.AbstractQueuedSynchronizer$Node::setStatusRelaxed (12 bytes)
Event: 96.071 Thread 0x0000022657aaab10 nmethod 6260 0x0000022657cebd90 code [0x0000022657cebf20, 0x0000022657cebff8]
Event: 96.975 Thread 0x0000022657aaab10 6261       1       java.util.concurrent.locks.AbstractQueuedSynchronizer$Node::getAndUnsetStatus (14 bytes)
Event: 96.975 Thread 0x0000022657aaab10 nmethod 6261 0x0000022657ceb990 code [0x0000022657cebb20, 0x0000022657cebc38]
Event: 96.975 Thread 0x0000022657aaab10 6262       1       jdk.internal.misc.Unsafe::getAndBitwiseAndInt (27 bytes)
Event: 96.975 Thread 0x0000022657aaab10 nmethod 6262 0x0000022657ceb610 code [0x0000022657ceb7a0, 0x0000022657ceb8a8]
Event: 99.213 Thread 0x0000022657aaab10 6263   !   1       org.apache.catalina.connector.Request::setAttribute (174 bytes)
Event: 99.214 Thread 0x0000022657aaab10 nmethod 6263 0x0000022657cea990 code [0x0000022657ceabe0, 0x0000022657ceb068]
Event: 133.024 Thread 0x0000022657aaab10 6264       1       java.util.concurrent.ForkJoinPool::compareAndSetCtl (13 bytes)
Event: 133.024 Thread 0x0000022657aaab10 nmethod 6264 0x0000022657cea690 code [0x0000022657cea820, 0x0000022657cea908]
Event: 133.030 Thread 0x0000022657aaab10 6265       1       ch.qos.logback.core.pattern.DynamicConverter::getFirstOption (35 bytes)
Event: 133.030 Thread 0x0000022657aaab10 nmethod 6265 0x0000022657cea110 code [0x0000022657cea2e0, 0x0000022657cea4a0]
Event: 133.030 Thread 0x0000022657aaab10 6266       1       ch.qos.logback.core.pattern.CompositeConverter::convert (43 bytes)
Event: 133.031 Thread 0x0000022657aaab10 nmethod 6266 0x0000022657ce9990 code [0x0000022657ce9b60, 0x0000022657ce9e18]
Event: 133.031 Thread 0x0000022657aaab10 6267       1       com.intellij.rt.debugger.agent.CaptureStorage$ConcurrentIdentityWeakHashMap$HardKey::get (5 bytes)
Event: 133.031 Thread 0x0000022657aaab10 nmethod 6267 0x0000022657ce9690 code [0x0000022657ce9820, 0x0000022657ce98f0]

GC Heap History (20 events):
Event: 7.170 GC heap before
{Heap before GC invocations=6 (full 0):
 garbage-first heap   total 49152K, used 31963K [0x0000000702000000, 0x0000000800000000)
  region size 2048K, 12 young (24576K), 2 survivors (4096K)
 Metaspace       used 28129K, committed 28544K, reserved 1114112K
  class space    used 3531K, committed 3712K, reserved 1048576K
}
Event: 7.175 GC heap after
{Heap after GC invocations=7 (full 0):
 garbage-first heap   total 49152K, used 15333K [0x0000000702000000, 0x0000000800000000)
  region size 2048K, 2 young (4096K), 2 survivors (4096K)
 Metaspace       used 28129K, committed 28544K, reserved 1114112K
  class space    used 3531K, committed 3712K, reserved 1048576K
}
Event: 7.841 GC heap before
{Heap before GC invocations=7 (full 0):
 garbage-first heap   total 49152K, used 37861K [0x0000000702000000, 0x0000000800000000)
  region size 2048K, 13 young (26624K), 2 survivors (4096K)
 Metaspace       used 29934K, committed 30336K, reserved 1114112K
  class space    used 3774K, committed 3968K, reserved 1048576K
}
Event: 7.848 GC heap after
{Heap after GC invocations=8 (full 0):
 garbage-first heap   total 49152K, used 16347K [0x0000000702000000, 0x0000000800000000)
  region size 2048K, 2 young (4096K), 2 survivors (4096K)
 Metaspace       used 29934K, committed 30336K, reserved 1114112K
  class space    used 3774K, committed 3968K, reserved 1048576K
}
Event: 8.758 GC heap before
{Heap before GC invocations=8 (full 0):
 garbage-first heap   total 49152K, used 38875K [0x0000000702000000, 0x0000000800000000)
  region size 2048K, 13 young (26624K), 2 survivors (4096K)
 Metaspace       used 32515K, committed 32896K, reserved 1114112K
  class space    used 4135K, committed 4288K, reserved 1048576K
}
Event: 8.765 GC heap after
{Heap after GC invocations=9 (full 0):
 garbage-first heap   total 49152K, used 17608K [0x0000000702000000, 0x0000000800000000)
  region size 2048K, 2 young (4096K), 2 survivors (4096K)
 Metaspace       used 32515K, committed 32896K, reserved 1114112K
  class space    used 4135K, committed 4288K, reserved 1048576K
}
Event: 9.738 GC heap before
{Heap before GC invocations=9 (full 0):
 garbage-first heap   total 49152K, used 38088K [0x0000000702000000, 0x0000000800000000)
  region size 2048K, 12 young (24576K), 2 survivors (4096K)
 Metaspace       used 35290K, committed 35776K, reserved 1114112K
  class space    used 4602K, committed 4800K, reserved 1048576K
}
Event: 9.749 GC heap after
{Heap after GC invocations=10 (full 0):
 garbage-first heap   total 49152K, used 20141K [0x0000000702000000, 0x0000000800000000)
  region size 2048K, 2 young (4096K), 2 survivors (4096K)
 Metaspace       used 35290K, committed 35776K, reserved 1114112K
  class space    used 4602K, committed 4800K, reserved 1048576K
}
Event: 9.786 GC heap before
{Heap before GC invocations=10 (full 0):
 garbage-first heap   total 49152K, used 20141K [0x0000000702000000, 0x0000000800000000)
  region size 2048K, 3 young (6144K), 2 survivors (4096K)
 Metaspace       used 35494K, committed 35968K, reserved 1114112K
  class space    used 4625K, committed 4864K, reserved 1048576K
}
Event: 9.795 GC heap after
{Heap after GC invocations=11 (full 0):
 garbage-first heap   total 155648K, used 20489K [0x0000000702000000, 0x0000000800000000)
  region size 2048K, 1 young (2048K), 1 survivors (2048K)
 Metaspace       used 35494K, committed 35968K, reserved 1114112K
  class space    used 4625K, committed 4864K, reserved 1048576K
}
Event: 11.370 GC heap before
{Heap before GC invocations=12 (full 0):
 garbage-first heap   total 81920K, used 65545K [0x0000000702000000, 0x0000000800000000)
  region size 2048K, 24 young (49152K), 1 survivors (2048K)
 Metaspace       used 44006K, committed 44544K, reserved 1114112K
  class space    used 5827K, committed 6080K, reserved 1048576K
}
Event: 11.376 GC heap after
{Heap after GC invocations=13 (full 0):
 garbage-first heap   total 81920K, used 22934K [0x0000000702000000, 0x0000000800000000)
  region size 2048K, 2 young (4096K), 2 survivors (4096K)
 Metaspace       used 44006K, committed 44544K, reserved 1114112K
  class space    used 5827K, committed 6080K, reserved 1048576K
}
Event: 12.557 GC heap before
{Heap before GC invocations=13 (full 0):
 garbage-first heap   total 81920K, used 67990K [0x0000000702000000, 0x0000000800000000)
  region size 2048K, 24 young (49152K), 2 survivors (4096K)
 Metaspace       used 54062K, committed 54656K, reserved 1114112K
  class space    used 7098K, committed 7360K, reserved 1048576K
}
Event: 12.566 GC heap after
{Heap after GC invocations=14 (full 0):
 garbage-first heap   total 81920K, used 24716K [0x0000000702000000, 0x0000000800000000)
  region size 2048K, 3 young (6144K), 3 survivors (6144K)
 Metaspace       used 54062K, committed 54656K, reserved 1114112K
  class space    used 7098K, committed 7360K, reserved 1048576K
}
Event: 13.247 GC heap before
{Heap before GC invocations=14 (full 0):
 garbage-first heap   total 81920K, used 45196K [0x0000000702000000, 0x0000000800000000)
  region size 2048K, 14 young (28672K), 3 survivors (6144K)
 Metaspace       used 59839K, committed 60416K, reserved 1114112K
  class space    used 7963K, committed 8256K, reserved 1048576K
}
Event: 13.259 GC heap after
{Heap after GC invocations=15 (full 0):
 garbage-first heap   total 81920K, used 25914K [0x0000000702000000, 0x0000000800000000)
  region size 2048K, 2 young (4096K), 2 survivors (4096K)
 Metaspace       used 59839K, committed 60416K, reserved 1114112K
  class space    used 7963K, committed 8256K, reserved 1048576K
}
Event: 14.823 GC heap before
{Heap before GC invocations=16 (full 0):
 garbage-first heap   total 81920K, used 70970K [0x0000000702000000, 0x0000000800000000)
  region size 2048K, 24 young (49152K), 2 survivors (4096K)
 Metaspace       used 67213K, committed 67904K, reserved 1114112K
  class space    used 9140K, committed 9472K, reserved 1048576K
}
Event: 14.833 GC heap after
{Heap after GC invocations=17 (full 0):
 garbage-first heap   total 81920K, used 29051K [0x0000000702000000, 0x0000000800000000)
  region size 2048K, 3 young (6144K), 3 survivors (6144K)
 Metaspace       used 67213K, committed 67904K, reserved 1114112K
  class space    used 9140K, committed 9472K, reserved 1048576K
}
Event: 45.364 GC heap before
{Heap before GC invocations=17 (full 0):
 garbage-first heap   total 81920K, used 67963K [0x0000000702000000, 0x0000000800000000)
  region size 2048K, 23 young (47104K), 3 survivors (6144K)
 Metaspace       used 73017K, committed 73728K, reserved 1114112K
  class space    used 9925K, committed 10240K, reserved 1048576K
}
Event: 45.384 GC heap after
{Heap after GC invocations=18 (full 0):
 garbage-first heap   total 81920K, used 31898K [0x0000000702000000, 0x0000000800000000)
  region size 2048K, 2 young (4096K), 2 survivors (4096K)
 Metaspace       used 73017K, committed 73728K, reserved 1114112K
  class space    used 9925K, committed 10240K, reserved 1048576K
}

Dll operation events (11 events):
Event: 0.019 Loaded shared library C:\Program Files\Java\jdk-21\bin\java.dll
Event: 0.020 Loaded shared library C:\Program Files\Java\jdk-21\bin\zip.dll
Event: 0.365 Loaded shared library C:\Program Files\Java\jdk-21\bin\instrument.dll
Event: 0.850 Loaded shared library C:\Program Files\Java\jdk-21\bin\jimage.dll
Event: 0.900 Loaded shared library C:\Program Files\Java\jdk-21\bin\net.dll
Event: 0.902 Loaded shared library C:\Program Files\Java\jdk-21\bin\nio.dll
Event: 0.935 Loaded shared library C:\Program Files\Java\jdk-21\bin\zip.dll
Event: 1.793 Loaded shared library C:\Program Files\Java\jdk-21\bin\management.dll
Event: 1.884 Loaded shared library C:\Program Files\Java\jdk-21\bin\management_ext.dll
Event: 3.250 Loaded shared library C:\Program Files\Java\jdk-21\bin\extnet.dll
Event: 7.056 Loaded shared library C:\Program Files\Java\jdk-21\bin\sunmscapi.dll

Deoptimization events (20 events):
Event: 65.012 Thread 0x0000022667c152b0 DEOPT PACKING pc=0x000002265800880c sp=0x000000630edf9910
Event: 65.012 Thread 0x0000022667c152b0 DEOPT UNPACKING pc=0x0000022657b04e42 sp=0x000000630edf8de8 mode 1
Event: 65.012 Thread 0x0000022667c152b0 DEOPT PACKING pc=0x0000022658008494 sp=0x000000630edfa5a0
Event: 65.012 Thread 0x0000022667c152b0 DEOPT UNPACKING pc=0x0000022657b04e42 sp=0x000000630edf9a68 mode 1
Event: 65.012 Thread 0x0000022667c152b0 DEOPT PACKING pc=0x000002265800880c sp=0x000000630edfa630
Event: 65.012 Thread 0x0000022667c152b0 DEOPT UNPACKING pc=0x0000022657b04e42 sp=0x000000630edf9b08 mode 1
Event: 65.064 Thread 0x0000022667c152b0 DEOPT PACKING pc=0x00000226582788ec sp=0x000000630edfbce0
Event: 65.064 Thread 0x0000022667c152b0 DEOPT UNPACKING pc=0x0000022657b04e42 sp=0x000000630edfb208 mode 1
Event: 65.064 Thread 0x0000022667c152b0 DEOPT PACKING pc=0x0000022658277474 sp=0x000000630edfbdc0
Event: 65.064 Thread 0x0000022667c152b0 DEOPT UNPACKING pc=0x0000022657b04e42 sp=0x000000630edfb370 mode 1
Event: 65.064 Thread 0x0000022667c152b0 DEOPT PACKING pc=0x0000022658279aac sp=0x000000630edfbf30
Event: 65.064 Thread 0x0000022667c152b0 DEOPT UNPACKING pc=0x0000022657b04e42 sp=0x000000630edfb4f0 mode 1
Event: 65.065 Thread 0x0000022667c152b0 DEOPT PACKING pc=0x00000226582788ec sp=0x000000630edfc0c0
Event: 65.065 Thread 0x0000022667c152b0 DEOPT UNPACKING pc=0x0000022657b04e42 sp=0x000000630edfb5e8 mode 1
Event: 65.065 Thread 0x0000022667c152b0 DEOPT PACKING pc=0x0000022658277474 sp=0x000000630edfc1a0
Event: 65.065 Thread 0x0000022667c152b0 DEOPT UNPACKING pc=0x0000022657b04e42 sp=0x000000630edfb750 mode 1
Event: 65.065 Thread 0x0000022667c152b0 DEOPT PACKING pc=0x0000022658279aac sp=0x000000630edfc310
Event: 65.065 Thread 0x0000022667c152b0 DEOPT UNPACKING pc=0x0000022657b04e42 sp=0x000000630edfb8d0 mode 1
Event: 111.306 Thread 0x000002266baac350 DEOPT PACKING pc=0x000002265882c3b4 sp=0x000000630e0fcca0
Event: 111.306 Thread 0x000002266baac350 DEOPT UNPACKING pc=0x0000022657b04e42 sp=0x000000630e0fc148 mode 0

Classes loaded (20 events):
Event: 65.056 Loading class org/springframework/transaction/support/DefaultTransactionStatus
Event: 65.056 Loading class org/springframework/transaction/support/DefaultTransactionStatus done
Event: 65.056 Loading class org/springframework/transaction/support/DefaultTransactionStatus
Event: 65.056 Loading class org/springframework/transaction/support/DefaultTransactionStatus done
Event: 65.058 Loading class org/hibernate/engine/jdbc/internal/JdbcCoordinatorImpl$1
Event: 65.058 Loading class org/hibernate/engine/jdbc/internal/JdbcCoordinatorImpl$1 done
Event: 65.058 Loading class org/hibernate/engine/spi/ManagedEntity
Event: 65.058 Loading class org/hibernate/engine/spi/ManagedEntity done
Event: 65.058 Loading class org/hibernate/engine/spi/ManagedEntity
Event: 65.058 Loading class org/hibernate/engine/spi/ManagedEntity done
Event: 65.059 Loading class org/springframework/transaction/support/DefaultTransactionStatus
Event: 65.059 Loading class org/springframework/transaction/support/DefaultTransactionStatus done
Event: 65.059 Loading class org/springframework/transaction/support/DefaultTransactionStatus
Event: 65.059 Loading class org/springframework/transaction/support/DefaultTransactionStatus done
Event: 65.065 Loading class com/ps/patientservice/model/Patient
Event: 65.065 Loading class com/ps/patientservice/model/Patient done
Event: 65.065 Loading class com/ps/patientservice/model/Patient
Event: 65.065 Loading class com/ps/patientservice/model/Patient done
Event: 112.005 Loading class com/intellij/rt/debugger/BatchEvaluatorServer
Event: 112.005 Loading class com/intellij/rt/debugger/BatchEvaluatorServer done

Classes unloaded (0 events):
No events

Classes redefined (1 events):
Event: 0.604 Thread 0x0000022657a7d8f0 redefined class name=java.lang.Throwable, count=1

Internal exceptions (20 events):
Event: 14.969 Thread 0x0000022667763db0 Exception <a 'java/lang/NoSuchMethodError'{0x0000000706afa0d8}: 'java.lang.Object java.lang.invoke.DirectMethodHandle$Holder.invokeStatic(java.lang.Object, int, java.lang.Object, java.lang.Object)'> (0x0000000706afa0d8) 
thrown [s\open\src\hotspot\share\interpreter\linkResolver.cpp, line 773]
Event: 14.970 Thread 0x0000022667763db0 Exception <a 'java/lang/NoSuchMethodError'{0x0000000706afe200}: 'java.lang.Object java.lang.invoke.DirectMethodHandle$Holder.invokeSpecial(java.lang.Object, java.lang.Object, int, java.lang.Object, java.lang.Object)'> (0x0000000706afe200) 
thrown [s\open\src\hotspot\share\interpreter\linkResolver.cpp, line 773]
Event: 14.970 Thread 0x0000022667763db0 Exception <a 'java/lang/NoSuchMethodError'{0x0000000706b01c60}: 'java.lang.Object java.lang.invoke.DelegatingMethodHandle$Holder.delegate(java.lang.Object, int, java.lang.Object, java.lang.Object)'> (0x0000000706b01c60) 
thrown [s\open\src\hotspot\share\interpreter\linkResolver.cpp, line 773]
Event: 14.972 Thread 0x0000022667763db0 Exception <a 'java/lang/NoSuchMethodError'{0x0000000706b153a0}: 'int java.lang.invoke.Invokers$Holder.linkToTargetMethod(java.lang.Object, java.lang.Object, java.lang.Object)'> (0x0000000706b153a0) 
thrown [s\open\src\hotspot\share\interpreter\linkResolver.cpp, line 773]
Event: 15.059 Thread 0x0000022667763db0 Exception <a 'java/lang/NoSuchMethodError'{0x00000007069c4058}: 'void java.lang.invoke.Invokers$Holder.invokeExact_MT(java.lang.Object, java.lang.Object, java.lang.Object, java.lang.Object)'> (0x00000007069c4058) 
thrown [s\open\src\hotspot\share\interpreter\linkResolver.cpp, line 773]
Event: 15.105 Thread 0x0000022667763db0 Exception <a 'java/lang/IncompatibleClassChangeError'{0x00000007067f70d8}: Found class java.lang.Object, but interface was expected> (0x00000007067f70d8) 
thrown [s\open\src\hotspot\share\interpreter\linkResolver.cpp, line 840]
Event: 15.226 Thread 0x0000022667763db0 Exception <a 'java/lang/NoSuchMethodError'{0x00000007060d8d68}: 'int java.lang.invoke.DirectMethodHandle$Holder.invokeStaticInit(java.lang.Object, java.lang.Object, java.lang.Object, java.lang.Object)'> (0x00000007060d8d68) 
thrown [s\open\src\hotspot\share\interpreter\linkResolver.cpp, line 773]
Event: 15.311 Thread 0x0000022667763db0 Exception <a 'java/lang/NoSuchMethodError'{0x0000000705fc4c70}: 'java.lang.Object java.lang.invoke.DirectMethodHandle$Holder.invokeVirtual(java.lang.Object, java.lang.Object, java.lang.Object, java.lang.Object, java.lang.Object, java.lang.Object, java.lang.Object, java.lang.Object, java.lang.Object)'> (0x0000000705fc4c70) 
thrown [s\open\src\hotspot\share\interpreter\linkResolver.cpp, line 773]
Event: 15.379 Thread 0x0000022667763db0 Exception <a 'java/lang/NoSuchMethodError'{0x0000000705a0ec78}: 'java.lang.Object java.lang.invoke.DirectMethodHandle$Holder.invokeVirtual(java.lang.Object, java.lang.Object, java.lang.Object, java.lang.Object, java.lang.Object, java.lang.Object, java.lang.Object, java.lang.Object, java.lang.Object, java.lang.Object, java.lang.Object, java.lang.Object)'> (0x0000000705a0ec78) 
thrown [s\open\src\hotspot\share\interpreter\linkResolver.cpp, line 773]
Event: 15.391 Thread 0x0000022667763db0 Exception <a 'java/lang/NoSuchMethodError'{0x0000000705a66d88}: 'java.lang.Object java.lang.invoke.DirectMethodHandle$Holder.invokeVirtual(java.lang.Object, java.lang.Object, java.lang.Object, java.lang.Object, java.lang.Object, java.lang.Object, java.lang.Object)'> (0x0000000705a66d88) 
thrown [s\open\src\hotspot\share\interpreter\linkResolver.cpp, line 773]
Event: 15.659 Thread 0x0000022667763db0 Exception <a 'java/lang/IncompatibleClassChangeError'{0x00000007058bd800}: Found class java.lang.Object, but interface was expected> (0x00000007058bd800) 
thrown [s\open\src\hotspot\share\interpreter\linkResolver.cpp, line 840]
Event: 15.736 Thread 0x0000022667763db0 Exception <a 'java/lang/NoSuchMethodError'{0x0000000705677498}: 'java.lang.Object java.lang.invoke.Invokers$Holder.invoke_MT(java.lang.Object, java.lang.Object, java.lang.Object, java.lang.Object, java.lang.Object, java.lang.Object, java.lang.Object, java.lang.Object, java.lang.Object, java.lang.Object, java.lang.Object)'> (0x0000000705677498) 
thrown [s\open\src\hotspot\share\interpreter\linkResolver.cpp, line 773]
Event: 15.900 Thread 0x0000022667763db0 Exception <a 'java/lang/NoSuchMethodError'{0x00000007053858c8}: 'java.lang.Object java.lang.invoke.DirectMethodHandle$Holder.newInvokeSpecial(java.lang.Object, java.lang.Object, int, java.lang.Object, java.lang.Object)'> (0x00000007053858c8) 
thrown [s\open\src\hotspot\share\interpreter\linkResolver.cpp, line 773]
Event: 45.105 Thread 0x000002266baa6770 Exception <a 'java/lang/NoSuchMethodError'{0x0000000704f6dff0}: 'java.lang.Object java.lang.invoke.DirectMethodHandle$Holder.invokeStatic(java.lang.Object, java.lang.Object, java.lang.Object, int, int)'> (0x0000000704f6dff0) 
thrown [s\open\src\hotspot\share\interpreter\linkResolver.cpp, line 773]
Event: 45.105 Thread 0x000002266baa6770 Exception <a 'java/lang/NoSuchMethodError'{0x0000000704f71888}: 'java.lang.Object java.lang.invoke.DirectMethodHandle$Holder.invokeStaticInit(java.lang.Object, java.lang.Object, java.lang.Object, int, int)'> (0x0000000704f71888) 
thrown [s\open\src\hotspot\share\interpreter\linkResolver.cpp, line 773]
Event: 45.197 Thread 0x000002266baac350 Exception <a 'java/lang/NoSuchMethodError'{0x0000000704dc4aa8}: 'java.lang.Object java.lang.invoke.DirectMethodHandle$Holder.invokeSpecial(java.lang.Object, java.lang.Object, java.lang.Object, java.lang.Object, java.lang.Object, long)'> (0x0000000704dc4aa8) 
thrown [s\open\src\hotspot\share\interpreter\linkResolver.cpp, line 773]
Event: 45.197 Thread 0x000002266baac350 Exception <a 'java/lang/NoSuchMethodError'{0x0000000704dc8298}: 'java.lang.Object java.lang.invoke.Invokers$Holder.linkToTargetMethod(java.lang.Object, java.lang.Object, java.lang.Object, long, java.lang.Object)'> (0x0000000704dc8298) 
thrown [s\open\src\hotspot\share\interpreter\linkResolver.cpp, line 773]
Event: 45.571 Thread 0x0000022667763db0 Exception <a 'java/lang/NoSuchMethodError'{0x0000000706b25468}: 'java.lang.Object java.lang.invoke.DirectMethodHandle$Holder.invokeStatic(java.lang.Object, int, int)'> (0x0000000706b25468) 
thrown [s\open\src\hotspot\share\interpreter\linkResolver.cpp, line 773]
Event: 64.843 Thread 0x0000022667c152b0 Exception <a 'java/lang/IncompatibleClassChangeError'{0x0000000705274e18}: Found class java.lang.Object, but interface was expected> (0x0000000705274e18) 
thrown [s\open\src\hotspot\share\interpreter\linkResolver.cpp, line 840]
Event: 65.033 Thread 0x0000022667c152b0 Exception <a 'java/lang/IncompatibleClassChangeError'{0x0000000704c11df8}: Found class java.lang.Object, but interface was expected> (0x0000000704c11df8) 
thrown [s\open\src\hotspot\share\interpreter\linkResolver.cpp, line 840]

ZGC Phase Switch (0 events):
No events

VM Operations (20 events):
Event: 111.306 Executing VM operation: ChangeSingleStep
Event: 111.306 Executing VM operation: ChangeSingleStep done
Event: 111.306 Executing VM operation: ChangeSingleStep
Event: 111.306 Executing VM operation: ChangeSingleStep done
Event: 111.800 Executing VM operation: virtual thread get/set locals
Event: 111.800 Executing VM operation: virtual thread get/set locals done
Event: 111.800 Executing VM operation: virtual thread get/set locals
Event: 111.800 Executing VM operation: virtual thread get/set locals done
Event: 111.884 Executing VM operation: virtual thread get/set locals
Event: 111.884 Executing VM operation: virtual thread get/set locals done
Event: 112.884 Executing VM operation: Cleanup
Event: 112.885 Executing VM operation: Cleanup done
Event: 117.449 Executing VM operation: ChangeBreakpoints
Event: 117.449 Executing VM operation: ChangeBreakpoints done
Event: 120.108 Executing VM operation: HandshakeAllThreads (HandshakeForDeflation)
Event: 120.108 Executing VM operation: HandshakeAllThreads (HandshakeForDeflation) done
Event: 120.108 Executing VM operation: RendezvousGCThreads
Event: 120.108 Executing VM operation: RendezvousGCThreads done
Event: 123.129 Executing VM operation: Cleanup
Event: 123.129 Executing VM operation: Cleanup done

Events (20 events):
Event: 15.953 Thread 0x000002266baa6770 Thread added: 0x000002266baa6770
Event: 17.371 Thread 0x000002266aff6a50 Thread exited: 0x000002266aff6a50
Event: 18.329 Thread 0x0000022662b41820 Thread exited: 0x0000022662b41820
Event: 19.631 Thread 0x0000022667763db0 Thread exited: 0x0000022667763db0
Event: 19.642 Thread 0x0000022667764440 Thread exited: 0x0000022667764440
Event: 19.643 Thread 0x000002264d41d3b0 Thread exited: 0x000002264d41d3b0
Event: 19.643 Thread 0x000002266baad070 Thread added: 0x000002266baad070
Event: 20.389 Thread 0x0000022662b41170 Thread exited: 0x0000022662b41170
Event: 45.137 Thread 0x000002266baac350 Thread added: 0x000002266baac350
Event: 45.141 Thread 0x0000022667763db0 Thread added: 0x0000022667763db0
Event: 45.141 Thread 0x0000022667764440 Thread added: 0x0000022667764440
Event: 45.142 Thread 0x000002266aff6a50 Thread added: 0x000002266aff6a50
Event: 45.667 Thread 0x0000022667c18730 Thread added: 0x0000022667c18730
Event: 45.668 Thread 0x0000022667c152b0 Thread added: 0x0000022667c152b0
Event: 45.674 Thread 0x000002266d262880 Thread added: 0x000002266d262880
Event: 46.785 Thread 0x0000022667c15940 Thread added: 0x0000022667c15940
Event: 46.785 Thread 0x0000022667c19450 Thread added: 0x0000022667c19450
Event: 48.983 Thread 0x000002266d262880 Thread exited: 0x000002266d262880
Event: 95.078 Thread 0x0000022667c152b0 Thread exited: 0x0000022667c152b0
Event: 133.032 Thread 0x0000022667c15940 Thread exited: 0x0000022667c15940


Dynamic libraries:
0x00007ff6b9ef0000 - 0x00007ff6b9f00000 	C:\Program Files\Java\jdk-21\bin\java.exe
0x00007ffb3d020000 - 0x00007ffb3d289000 	C:\Windows\SYSTEM32\ntdll.dll
0x00007ffb3bfa0000 - 0x00007ffb3c069000 	C:\Windows\System32\KERNEL32.DLL
0x00007ffb3a330000 - 0x00007ffb3a723000 	C:\Windows\System32\KERNELBASE.dll
0x00007ffb3a1b0000 - 0x00007ffb3a2fb000 	C:\Windows\System32\ucrtbase.dll
0x00007ffb21cf0000 - 0x00007ffb21d09000 	C:\Program Files\Java\jdk-21\bin\jli.dll
0x00007ffb3ccd0000 - 0x00007ffb3cd84000 	C:\Windows\System32\ADVAPI32.dll
0x00007ffb3bc90000 - 0x00007ffb3bd39000 	C:\Windows\System32\msvcrt.dll
0x00007ffb3cd90000 - 0x00007ffb3ce36000 	C:\Windows\System32\sechost.dll
0x00007ffb3be80000 - 0x00007ffb3bf98000 	C:\Windows\System32\RPCRT4.dll
0x00007ffb3b1a0000 - 0x00007ffb3b364000 	C:\Windows\System32\USER32.dll
0x00007ffb3a300000 - 0x00007ffb3a327000 	C:\Windows\System32\win32u.dll
0x00007ffb3adf0000 - 0x00007ffb3ae1b000 	C:\Windows\System32\GDI32.dll
0x00007ffb3a9e0000 - 0x00007ffb3ab0d000 	C:\Windows\System32\gdi32full.dll
0x00007ffb3ac80000 - 0x00007ffb3ad23000 	C:\Windows\System32\msvcp_win.dll
0x00007ffb22c80000 - 0x00007ffb22c9b000 	C:\Program Files\Java\jdk-21\bin\VCRUNTIME140.dll
0x00007ffb25050000 - 0x00007ffb252e3000 	C:\Windows\WinSxS\amd64_microsoft.windows.common-controls_6595b64144ccf1df_6.0.26100.5074_none_3e0d6f78e32fd63f\COMCTL32.dll
0x00007ffb33280000 - 0x00007ffb3328b000 	C:\Windows\SYSTEM32\VERSION.dll
0x00007ffb3cc20000 - 0x00007ffb3cc4f000 	C:\Windows\System32\IMM32.DLL
0x00007ffb35070000 - 0x00007ffb3507c000 	C:\Program Files\Java\jdk-21\bin\vcruntime140_1.dll
0x00007ffb05480000 - 0x00007ffb0550e000 	C:\Program Files\Java\jdk-21\bin\msvcp140.dll
0x00007ffb01310000 - 0x00007ffb0202d000 	C:\Program Files\Java\jdk-21\bin\server\jvm.dll
0x00007ffb3c0f0000 - 0x00007ffb3c164000 	C:\Windows\System32\WS2_32.dll
0x00007ffb3a030000 - 0x00007ffb3a08e000 	C:\Windows\SYSTEM32\POWRPROF.dll
0x00007ffb1af70000 - 0x00007ffb1afa5000 	C:\Windows\SYSTEM32\WINMM.dll
0x00007ffb3a010000 - 0x00007ffb3a024000 	C:\Windows\SYSTEM32\UMPDC.dll
0x00007ffb38f50000 - 0x00007ffb38f6b000 	C:\Windows\SYSTEM32\kernel.appcore.dll
0x00007ffb26b20000 - 0x00007ffb26b2a000 	C:\Program Files\Java\jdk-21\bin\jimage.dll
0x00007ffb28e50000 - 0x00007ffb29092000 	C:\Windows\SYSTEM32\DBGHELP.DLL
0x00007ffb3b900000 - 0x00007ffb3bc7b000 	C:\Windows\System32\combase.dll
0x00007ffb3ae20000 - 0x00007ffb3aef7000 	C:\Windows\System32\OLEAUT32.dll
0x00007ffb20e10000 - 0x00007ffb20e4d000 	C:\Windows\SYSTEM32\dbgcore.DLL
0x00007ffb3a730000 - 0x00007ffb3a7c9000 	C:\Windows\System32\bcryptPrimitives.dll
0x00007ffb22da0000 - 0x00007ffb22ddc000 	C:\Program Files\Java\jdk-21\bin\jdwp.dll
0x00007ffb35090000 - 0x00007ffb3509f000 	C:\Program Files\Java\jdk-21\bin\instrument.dll
0x00007ffb21cd0000 - 0x00007ffb21cef000 	C:\Program Files\Java\jdk-21\bin\java.dll
0x00007ffb01110000 - 0x00007ffb01308000 	C:\Users\Admin\AppData\Local\Temp\idea_libasyncProfiler_dll_temp_folder\libasyncProfiler.dll
0x00007ffb216c0000 - 0x00007ffb216d8000 	C:\Program Files\Java\jdk-21\bin\zip.dll
0x00007ffb3c170000 - 0x00007ffb3c8bd000 	C:\Windows\System32\SHELL32.dll
0x00007ffb3ab10000 - 0x00007ffb3ac7c000 	C:\Windows\System32\wintypes.dll
0x00007ffb37d90000 - 0x00007ffb385e9000 	C:\Windows\SYSTEM32\windows.storage.dll
0x00007ffb3ce60000 - 0x00007ffb3cf50000 	C:\Windows\System32\SHCORE.dll
0x00007ffb3cc60000 - 0x00007ffb3ccc2000 	C:\Windows\System32\shlwapi.dll
0x00007ffb3a0d0000 - 0x00007ffb3a0f9000 	C:\Windows\SYSTEM32\profapi.dll
0x00007ffb35080000 - 0x00007ffb3508c000 	C:\Program Files\Java\jdk-21\bin\dt_socket.dll
0x00007ffb388b0000 - 0x00007ffb388e4000 	C:\Windows\SYSTEM32\IPHLPAPI.DLL
0x00007ffb394b0000 - 0x00007ffb3951b000 	C:\Windows\system32\mswsock.dll
0x00007ffb26980000 - 0x00007ffb26990000 	C:\Program Files\Java\jdk-21\bin\net.dll
0x00007ffb2f800000 - 0x00007ffb2f91f000 	C:\Windows\SYSTEM32\WINHTTP.dll
0x00007ffb21980000 - 0x00007ffb21996000 	C:\Program Files\Java\jdk-21\bin\nio.dll
0x00007ffb388f0000 - 0x00007ffb38a16000 	C:\Windows\SYSTEM32\DNSAPI.dll
0x00007ffb3bc80000 - 0x00007ffb3bc8a000 	C:\Windows\System32\NSI.dll
0x00007ffb330d0000 - 0x00007ffb330db000 	C:\Windows\System32\rasadhlp.dll
0x00007ffb2ec40000 - 0x00007ffb2ecc6000 	C:\Windows\System32\fwpuclnt.dll
0x00007ffb22d90000 - 0x00007ffb22d9a000 	C:\Program Files\Java\jdk-21\bin\management.dll
0x00007ffb21cc0000 - 0x00007ffb21ccb000 	C:\Program Files\Java\jdk-21\bin\management_ext.dll
0x00007ffb3ce50000 - 0x00007ffb3ce58000 	C:\Windows\System32\PSAPI.DLL
0x00007ffb39880000 - 0x00007ffb3989b000 	C:\Windows\SYSTEM32\CRYPTSP.dll
0x00007ffb38eb0000 - 0x00007ffb38eeb000 	C:\Windows\system32\rsaenh.dll
0x00007ffb39550000 - 0x00007ffb3957b000 	C:\Windows\SYSTEM32\USERENV.dll
0x00007ffb3a0a0000 - 0x00007ffb3a0c6000 	C:\Windows\SYSTEM32\bcrypt.dll
0x00007ffb396e0000 - 0x00007ffb396ec000 	C:\Windows\SYSTEM32\CRYPTBASE.dll
0x00007ffb1e6f0000 - 0x00007ffb1e708000 	C:\Windows\system32\napinsp.dll
0x00007ffb1e1b0000 - 0x00007ffb1e1c2000 	C:\Windows\System32\winrnr.dll
0x00007ffb22af0000 - 0x00007ffb22b18000 	C:\Windows\system32\nlansp_c.dll
0x00007ffb1b100000 - 0x00007ffb1b116000 	C:\Windows\system32\wshbth.dll
0x00007ffb22c50000 - 0x00007ffb22c59000 	C:\Program Files\Java\jdk-21\bin\extnet.dll
0x00007ffb24c80000 - 0x00007ffb24c8e000 	C:\Program Files\Java\jdk-21\bin\sunmscapi.dll
0x00007ffb3a860000 - 0x00007ffb3a9d7000 	C:\Windows\System32\CRYPT32.dll
0x00007ffb399d0000 - 0x00007ffb39a00000 	C:\Windows\SYSTEM32\ncrypt.dll
0x00007ffb39980000 - 0x00007ffb399bf000 	C:\Windows\SYSTEM32\NTASN1.dll
0x00007ffb216a0000 - 0x00007ffb216a8000 	C:\Windows\system32\wshunix.dll

dbghelp: loaded successfully - version: 4.0.5 - missing functions: none
symbol engine: initialized successfully - sym options: 0x614 - pdb path: .;C:\Program Files\Java\jdk-21\bin;C:\Windows\SYSTEM32;C:\Windows\WinSxS\amd64_microsoft.windows.common-controls_6595b64144ccf1df_6.0.26100.5074_none_3e0d6f78e32fd63f;C:\Program Files\Java\jdk-21\bin\server;C:\Users\Admin\AppData\Local\Temp\idea_libasyncProfiler_dll_temp_folder

VM Arguments:
jvm_args: -agentlib:jdwp=transport=dt_socket,address=127.0.0.1:53323,suspend=y,server=n -javaagent:C:\Users\Admin\AppData\Local\JetBrains\IntelliJIdea2025.1\captureAgent\debugger-agent.jar=file:///C:/Users/Admin/AppData/Local/Temp/capture963163530907004374.props -agentpath:C:\Users\Admin\AppData\Local\Temp\idea_libasyncProfiler_dll_temp_folder\libasyncProfiler.dll=version,jfr,event=wall,interval=10ms,cstack=no,file=C:\Users\Admin\IdeaSnapshots\PatientServiceApplication_2025_11_14_234353.jfr,dbghelppath=C:\Users\Admin\AppData\Local\Temp\idea_dbghelp_dll_temp_folder\dbghelp.dll,log=C:\Users\Admin\AppData\Local\Temp\PatientServiceApplication_2025_11_14_234353.jfr.log.txt,logLevel=DEBUG -XX:TieredStopAtLevel=1 -Dspring.output.ansi.enabled=always -Dcom.sun.management.jmxremote -Dspring.jmx.enabled=true -Dspring.liveBeansView.mbeanDomain -Dspring.application.admin.enabled=true -Dmanagement.endpoints.jmx.exposure.include=* -Dkotlinx.coroutines.debug.enable.creation.stack.trace=false -Ddebugger.agent.enable.coroutines=true -Dkotlinx.coroutines.debug.enable.flows.stack.trace=true -Dkotlinx.coroutines.debug.enable.mutable.state.flows.stack.trace=true -Dfile.encoding=UTF-8 -Dsun.stdout.encoding=UTF-8 -Dsun.stderr.encoding=UTF-8 
java_command: com.ps.patientservice.PatientServiceApplication
java_class_path (initial): F:\Javac\Patient-Production-Backend\patient-service\target\classes;C:\Users\Admin\.m2\repository\org\springframework\boot\spring-boot-starter-data-jpa\3.5.7\spring-boot-starter-data-jpa-3.5.7.jar;C:\Users\Admin\.m2\repository\org\springframework\boot\spring-boot-starter\3.5.7\spring-boot-starter-3.5.7.jar;C:\Users\Admin\.m2\repository\org\springframework\boot\spring-boot-starter-logging\3.5.7\spring-boot-starter-logging-3.5.7.jar;C:\Users\Admin\.m2\repository\ch\qos\logback\logback-classic\1.5.20\logback-classic-1.5.20.jar;C:\Users\Admin\.m2\repository\ch\qos\logback\logback-core\1.5.20\logback-core-1.5.20.jar;C:\Users\Admin\.m2\repository\org\apache\logging\log4j\log4j-to-slf4j\2.24.3\log4j-to-slf4j-2.24.3.jar;C:\Users\Admin\.m2\repository\org\apache\logging\log4j\log4j-api\2.24.3\log4j-api-2.24.3.jar;C:\Users\Admin\.m2\repository\org\slf4j\jul-to-slf4j\2.0.17\jul-to-slf4j-2.0.17.jar;C:\Users\Admin\.m2\repository\jakarta\annotation\jakarta.annotation-api\2.1.1\jakarta.annotation-api-2.1.1.jar;C:\Users\Admin\.m2\repository\org\yaml\snakeyaml\2.4\snakeyaml-2.4.jar;C:\Users\Admin\.m2\repository\org\springframework\boot\spring-boot-starter-jdbc\3.5.7\spring-boot-starter-jdbc-3.5.7.jar;C:\Users\Admin\.m2\repository\com\zaxxer\HikariCP\6.3.3\HikariCP-6.3.3.jar;C:\Users\Admin\.m2\repository\org\springframework\spring-jdbc\6.2.12\spring-jdbc-6.2.12.jar;C:\Users\Admin\.m2\repository\org\hibernate\orm\hibernate-core\6.6.33.Final\hibernate-core-6.6.33.Final.jar;C:\Users\Admin\.m2\repository\jakarta\persistence\jakarta.persistence-api\3.1.0\jakarta.persistence-api-3.1.0.jar;C:\Users\Admin\.m2\repository\jakarta\transaction\jakarta.transaction-api\2.0.1\jakarta.transaction-api-2.0.1.jar;C:\Users\Admin\.m2\repository\org\jboss\logging\jboss-logging\3.6.1.Final\jboss-logging-3.6.1.Final.jar;C:\Users\Admin\.m2\repository\org\hibernate\common\hibernate-commons-annotations\7.0.3.Final\hibernate-commons-annotations-7.0.3.Final.jar;C:\Users\Admin\.m2\repository\io\smallrye\jandex\3.2.0\jandex-3.2.0.jar;C:\Users\Admin\.m2\repository\com\fasterxml\classmate\1.7.1\classmate-1.7.1.jar;C:\Users\Admin\.m2\repository\net\bytebuddy\byte-buddy\1.17.8\byte-buddy-1.17.8.jar;C:\Users\Admin\.m2\repository\org\glassfish\jaxb\jaxb-runtime\4.0.6\jaxb-runtime-4.0.6.jar;C:\Users\Admin\.m2\repository\org\glassfish\jaxb\jaxb-core\4.0.6\jaxb-core-4.0.6.jar;C:\Users\Admin\.m2\repository\org\eclipse\angus\angus-activation\2.0.3\angus-activation-2.0.3.jar;C:\Users\Admin\.m2\repository\org\glassfish\jaxb\txw2\4.0.6\txw2-4.0.6.jar;C:\Users\Admin\.m2\repository\com\sun\istack\istack-commons-runtime\4.1.2\istack-commons-runtime-4.1.2.jar;C:\Users\Admin\.m2\repository\jakarta\inject\jakarta.inject-api\2.0.1\jakarta.inject-api-2.0.1.jar;C:\Users\Admin\.m2\repository\org\antlr\antlr4-runtime\4.13.0\antlr4-runtime-4.13.0.jar;C:\Users\Admin\.m2\repository\org\springframework\data\spring-data-jpa\3.5.5\spring-data-jpa-3.5.5.jar;C:\Users\Admin\.m2\repository\org\springframework\data\spring-data-commons\3.5.5\spring-data-commons-3.5.5.jar;C:\Users\Admin\.m2\repository\org\springframework\spring-orm\6.2.12\spring-orm-6.2.12.jar;C:\Users\Admin\.m2\repository\org\springframework\spring-context\6.2.12\spring-context-6.2.12.jar;C:\Users\Admin\.m2\repository\org\springframework\spring-aop\6.2.12\spring-aop-6.2.12.jar;C:\Users\Admin\.m2\repository\org\springframework\spring-tx\6.2.12\spring-tx-6.2.12.jar;C:\Users\Admin\.m2\repository\org\springframework\spring-beans\6.2.12\spring-beans-6.2.12.jar;C:\Users\Admin\.m2\repository\org\slf4j\slf4j-api\2.0.17\slf4j-api-2.0.17.jar;C:\Users\Admin\.m2\repository\org\springframework\spring-aspects\6.2.12\spring-aspects-6.2.12.jar;C:\Users\Admin\.m2\repository\org\aspectj\aspectjweaver\1.9.24\aspectjweaver-1.9.24.jar;C:\Users\Admin\.m2\repository\org\springframework\boot\spring-boot-starter-validation\3.5.7\spring-boot-starter-validation-3.5.7.jar;C:\Users\Admin\.m2\repository\org\apache\tomcat\embed\tomcat-embed-el\10.1.48\tomcat-embed-el-10.1.48.jar;C:\Users\Admin\.m2\repository\org\hibernate\validator\hibernate-validator\8.0.3.Final\hibernate-validator-8.0.3.Final.jar;C:\Users\Admin\.m2\repository\jakarta\validation\jakarta.validation-api\3.0.2\jakarta.validation-api-3.0.2.jar;C:\Users\Admin\.m2\repository\org\springframework\boot\spring-boot-starter-web\3.5.7\spring-boot-starter-web-3.5.7.jar;C:\Users\Admin\.m2\repository\org\springframework\boot\spring-boot-starter-json\3.5.7\spring-boot-starter-json-3.5.7.jar;C:\Users\Admin\.m2\repository\com\fasterxml\jackson\core\jackson-databind\2.19.2\jackson-databind-2.19.2.jar;C:\Users\Admin\.m2\repository\com\fasterxml\jackson\core\jackson-annotations\2.19.2\jackson-annotations-2.19.2.jar;C:\Users\Admin\.m2\repository\com\fasterxml\jackson\core\jackson-core\2.19.2\jackson-core-2.19.2.jar;C:\Users\Admin\.m2\repository\com\fasterxml\jackson\datatype\jackson-datatype-jdk8\2.19.2\jackson-datatype-jdk8-2.19.2.jar;C:\Users\Admin\.m2\repository\com\fasterxml\jackson\datatype\jackson-datatype-jsr310\2.19.2\jackson-datatype-jsr310-2.19.2.jar;C:\Users\Admin\.m2\repository\com\fasterxml\jackson\module\jackson-module-parameter-names\2.19.2\jackson-module-parameter-names-2.19.2.jar;C:\Users\Admin\.m2\repository\org\springframework\boot\spring-boot-starter-tomcat\3.5.7\spring-boot-starter-tomcat-3.5.7.jar;C:\Users\Admin\.m2\repository\org\apache\tomcat\embed\tomcat-embed-core\10.1.48\tomcat-embed-core-10.1.48.jar;C:\Users\Admin\.m2\repository\org\apache\tomcat\embed\tomcat-embed-websocket\10.1.48\tomcat-embed-websocket-10.1.48.jar;C:\Users\Admin\.m2\repository\org\springframework\spring-web\6.2.12\spring-web-6.2.12.jar;C:\Users\Admin\.m2\repository\io\micrometer\micrometer-observation\1.15.5\micrometer-observation-1.15.5.jar;C:\Users\Admin\.m2\repository\io\micrometer\micrometer-commons\1.15.5\micrometer-commons-1.15.5.jar;C:\Users\Admin\.m2\repository\org\springframework\spring-webmvc\6.2.12\spring-webmvc-6.2.12.jar;C:\Users\Admin\.m2\repository\org\springframework\spring-expression\6.2.12\spring-expression-6.2.12.jar;C:\Users\Admin\.m2\repository\org\springframework\boot\spring-boot-devtools\3.5.7\spring-boot-devtools-3.5.7.jar;C:\Users\Admin\.m2\repository\org\springframework\boot\spring-boot\3.5.7\spring-boot-3.5.7.jar;C:\Users\Admin\.m2\repository\org\springframework\boot\spring-boot-autoconfigure\3.5.7\spring-boot-autoconfigure-3.5.7.jar;C:\Users\Admin\.m2\repository\org\postgresql\postgresql\42.7.8\postgresql-42.7.8.jar;C:\Users\Admin\.m2\repository\org\checkerframework\checker-qual\3.49.5\checker-qual-3.49.5.jar;C:\Users\Admin\.m2\repository\org\projectlombok\lombok\1.18.42\lombok-1.18.42.jar;C:\Users\Admin\.m2\repository\jakarta\xml\bind\jakarta.xml.bind-api\4.0.4\jakarta.xml.bind-api-4.0.4.jar;C:\Users\Admin\.m2\repository\jakarta\activation\jakarta.activation-api\2.1.4\jakarta.activation-api-2.1.4.jar;C:\Users\Admin\.m2\repository\org\springframework\spring-core\6.2.12\spring-core-6.2.12.jar;C:\Users\Admin\.m2\repository\org\springframework\spring-jcl\6.2.12\spring-jcl-6.2.12.jar;C:\Users\Admin\.m2\repository\com\h2database\h2\2.3.232\h2-2.3.232.jar;C:\Users\Admin\.m2\repository\org\springdoc\springdoc-openapi-starter-webmvc-ui\2.8.13\springdoc-openapi-starter-webmvc-ui-2.8.13.jar;C:\Users\Admin\.m2\repository\org\springdoc\springdoc-openapi-starter-webmvc-api\2.8.13\springdoc-openapi-starter-webmvc-api-2.8.13.jar;C:\Users\Admin\.m2\repository\org\springdoc\springdoc-openapi-starter-common\2.8.13\springdoc-openapi-starter-common-2.8.13.jar;C:\Users\Admin\.m2\repository\io\swagger\core\v3\swagger-core-jakarta\2.2.36\swagger-core-jakarta-2.2.36.jar;C:\Users\Admin\.m2\repository\org\apache\commons\commons-lang3\3.17.0\commons-lang3-3.17.0.jar;C:\Users\Admin\.m2\repository\io\swagger\core\v3\swagger-annotations-jakarta\2.2.36\swagger-annotations-jakarta-2.2.36.jar;C:\Users\Admin\.m2\repository\io\swagger\core\v3\swagger-models-jakarta\2.2.36\swagger-models-jakarta-2.2.36.jar;C:\Users\Admin\.m2\repository\com\fasterxml\jackson\dataformat\jackson-dataformat-yaml\2.19.2\jackson-dataformat-yaml-2.19.2.jar;C:\Users\Admin\.m2\repository\org\webjars\swagger-ui\5.28.1\swagger-ui-5.28.1.jar;C:\Users\Admin\.m2\repository\org\webjars\webjars-locator-lite\1.1.2\webjars-locator-lite-1.1.2.jar;C:\Users\Admin\.m2\repository\org\jspecify\jspecify\1.0.0\jspecify-1.0.0.jar;C:\Program Files\JetBrains\IntelliJ IDEA 2025.1.2\lib\idea_rt.jar
Launcher Type: SUN_STANDARD

[Global flags]
     intx CICompilerCount                          = 3                                         {product} {ergonomic}
     uint ConcGCThreads                            = 1                                         {product} {ergonomic}
     uint G1ConcRefinementThreads                  = 4                                         {product} {ergonomic}
   size_t G1HeapRegionSize                         = 2097152                                   {product} {ergonomic}
    uintx GCDrainStackTargetSize                   = 64                                        {product} {ergonomic}
   size_t InitialHeapSize                          = 266338304                                 {product} {ergonomic}
     bool ManagementServer                         = true                                      {product} {command line}
   size_t MarkStackSize                            = 4194304                                   {product} {ergonomic}
   size_t MaxHeapSize                              = 4261412864                                {product} {ergonomic}
   size_t MaxNewSize                               = 2556428288                                {product} {ergonomic}
   size_t MinHeapDeltaBytes                        = 2097152                                   {product} {ergonomic}
   size_t MinHeapSize                              = 8388608                                   {product} {ergonomic}
    uintx NonNMethodCodeHeapSize                   = 4096                                   {pd product} {ergonomic}
    uintx NonProfiledCodeHeapSize                  = 0                                      {pd product} {ergonomic}
     bool ProfileInterpreter                       = false                                  {pd product} {command line}
    uintx ProfiledCodeHeapSize                     = 0                                      {pd product} {ergonomic}
   size_t SoftMaxHeapSize                          = 4261412864                             {manageable} {ergonomic}
     intx TieredStopAtLevel                        = 1                                         {product} {command line}
     bool UseCompressedOops                        = true                           {product lp64_product} {ergonomic}
     bool UseG1GC                                  = true                                      {product} {ergonomic}
     bool UseLargePagesIndividualAllocation        = false                                  {pd product} {ergonomic}

Logging:
Log output configuration:
 #0: stdout all=warning uptime,level,tags foldmultilines=false
 #1: stderr all=off uptime,level,tags foldmultilines=false

Environment Variables:
PATH=C:\Program Files\Common Files\Oracle\Java\javapath;C:\Windows\system32;C:\Windows;C:\Windows\System32\Wbem;C:\Windows\System32\WindowsPowerShell\v1.0\;C:\Windows\System32\OpenSSH\;C:\ProgramData\chocolatey\bin;C:\Program Files\Git\cmd;C:\Program Files\dotnet\;C:\tools\winfetch;C:\Program Files\Docker\Docker\resources\bin;C:\Users\Admin\AppData\Local\Programs\Python\Python311\Scripts\;C:\Users\Admin\AppData\Local\Programs\Python\Python311\;C:\Users\Admin\AppData\Local\Microsoft\WindowsApps;;C:\Program Files\JetBrains\IntelliJ IDEA 2025.1.2\bin;;C:\Users\Admin\AppData\Local\Programs\Microsoft VS Code\bin;C:\Users\Admin\AppData\Local\spicetify;C:\Users\Admin\AppData\Local\Microsoft\WinGet\Packages\Spicetify.Spicetify_Microsoft.Winget.Source_8wekyb3d8bbwe;;C:\Users\Admin\.lmstudio\bin
USERNAME=Admin
OS=Windows_NT
PROCESSOR_IDENTIFIER=Intel64 Family 6 Model 78 Stepping 3, GenuineIntel
TMP=C:\Users\Admin\AppData\Local\Temp
TEMP=C:\Users\Admin\AppData\Local\Temp




Periodic native trim disabled

---------------  S Y S T E M  ---------------

OS:
 Windows 11 , 64 bit Build 26100 (10.0.26100.5074)
OS uptime: 0 days 3:44 hours
Hyper-V role detected

CPU: total 4 (initial active 4) (2 cores per cpu, 2 threads per core) family 6 model 78 stepping 3 microcode 0xd6, cx8, cmov, fxsr, ht, mmx, 3dnowpref, sse, sse2, sse3, ssse3, sse4.1, sse4.2, popcnt, lzcnt, tsc, tscinvbit, avx, avx2, aes, erms, clmul, bmi1, bmi2, adx, fma, vzeroupper, clflush, clflushopt, hv, rdtscp, f16c
Processor Information for all 4 processors :
  Max Mhz: 2401, Current Mhz: 2401, Mhz Limit: 2401

Memory: 4k page, system-wide physical 16253M (3295M free)
TotalPageFile size 17606M (AvailPageFile size 3826M)
current process WorkingSet (physical memory assigned to process): 322M, peak: 322M
current process commit charge ("private bytes"): 362M, peak: 395M

vm_info: Java HotSpot(TM) 64-Bit Server VM (21.0.9+7-LTS-338) for windows-amd64 JRE (21.0.9+7-LTS-338), built on 2025-09-26T06:33:49Z by "mach5run" with MS VC++ 17.6 (VS2022)

END.
